C:\Users\stokesa\documents\visual studio 2012\Projects\assemblylab1\assemblylab1\Debug\astokes_lab8.obj
C:\Users\stokesa\documents\visual studio 2012\Projects\assemblylab1\assemblylab1\Debug\alexStokes_final_project.obj
C:\Users\stokesa\documents\visual studio 2012\Projects\assemblylab1\assemblylab1\Debug\aStokes_lab9.obj
C:\Users\stokesa\documents\visual studio 2012\Projects\assemblylab1\assemblylab1\Debug\astokes_lab10.obj
C:\USERS\STOKESA\DOCUMENTS\VISUAL STUDIO 2012\PROJECTS\ASSEMBLYLAB1\DEBUG\ASSEMBLYLAB1.ILK
C:\USERS\STOKESA\DOCUMENTS\VISUAL STUDIO 2012\PROJECTS\ASSEMBLYLAB1\DEBUG\ASSEMBLYLAB1.EXE
C:\USERS\STOKESA\DOCUMENTS\VISUAL STUDIO 2012\PROJECTS\ASSEMBLYLAB1\DEBUG\ASSEMBLYLAB1.PDB
C:\Users\stokesa\documents\visual studio 2012\Projects\assemblylab1\assemblylab1\Debug\assemblylab1.write.1.tlog
C:\Users\stokesa\documents\visual studio 2012\Projects\assemblylab1\assemblylab1\Debug\link-cvtres.read.1.tlog
C:\Users\stokesa\documents\visual studio 2012\Projects\assemblylab1\assemblylab1\Debug\link-cvtres.write.1.tlog
C:\Users\stokesa\documents\visual studio 2012\Projects\assemblylab1\assemblylab1\Debug\link-rc.read.1.tlog
C:\Users\stokesa\documents\visual studio 2012\Projects\assemblylab1\assemblylab1\Debug\link-rc.write.1.tlog
C:\Users\stokesa\documents\visual studio 2012\Projects\assemblylab1\assemblylab1\Debug\link.10056-cvtres.read.1.tlog
C:\Users\stokesa\documents\visual studio 2012\Projects\assemblylab1\assemblylab1\Debug\link.10056-cvtres.write.1.tlog
C:\Users\stokesa\documents\visual studio 2012\Projects\assemblylab1\assemblylab1\Debug\link.10056-rc.read.1.tlog
C:\Users\stokesa\documents\visual studio 2012\Projects\assemblylab1\assemblylab1\Debug\link.10056-rc.write.1.tlog
C:\Users\stokesa\documents\visual studio 2012\Projects\assemblylab1\assemblylab1\Debug\link.10056.read.1.tlog
C:\Users\stokesa\documents\visual studio 2012\Projects\assemblylab1\assemblylab1\Debug\link.10056.write.1.tlog
C:\Users\stokesa\documents\visual studio 2012\Projects\assemblylab1\assemblylab1\Debug\link.10496-cvtres.read.1.tlog
C:\Users\stokesa\documents\visual studio 2012\Projects\assemblylab1\assemblylab1\Debug\link.10496-cvtres.write.1.tlog
C:\Users\stokesa\documents\visual studio 2012\Projects\assemblylab1\assemblylab1\Debug\link.10496-rc.read.1.tlog
C:\Users\stokesa\documents\visual studio 2012\Projects\assemblylab1\assemblylab1\Debug\link.10496-rc.write.1.tlog
C:\Users\stokesa\documents\visual studio 2012\Projects\assemblylab1\assemblylab1\Debug\link.10496.read.1.tlog
C:\Users\stokesa\documents\visual studio 2012\Projects\assemblylab1\assemblylab1\Debug\link.10496.write.1.tlog
C:\Users\stokesa\documents\visual studio 2012\Projects\assemblylab1\assemblylab1\Debug\link.12164-cvtres.read.1.tlog
C:\Users\stokesa\documents\visual studio 2012\Projects\assemblylab1\assemblylab1\Debug\link.12164-cvtres.write.1.tlog
C:\Users\stokesa\documents\visual studio 2012\Projects\assemblylab1\assemblylab1\Debug\link.12164-rc.read.1.tlog
C:\Users\stokesa\documents\visual studio 2012\Projects\assemblylab1\assemblylab1\Debug\link.12164-rc.write.1.tlog
C:\Users\stokesa\documents\visual studio 2012\Projects\assemblylab1\assemblylab1\Debug\link.12164.read.1.tlog
C:\Users\stokesa\documents\visual studio 2012\Projects\assemblylab1\assemblylab1\Debug\link.12164.write.1.tlog
C:\Users\stokesa\documents\visual studio 2012\Projects\assemblylab1\assemblylab1\Debug\link.23168-cvtres.read.1.tlog
C:\Users\stokesa\documents\visual studio 2012\Projects\assemblylab1\assemblylab1\Debug\link.23168-cvtres.write.1.tlog
C:\Users\stokesa\documents\visual studio 2012\Projects\assemblylab1\assemblylab1\Debug\link.23168-rc.read.1.tlog
C:\Users\stokesa\documents\visual studio 2012\Projects\assemblylab1\assemblylab1\Debug\link.23168-rc.write.1.tlog
C:\Users\stokesa\documents\visual studio 2012\Projects\assemblylab1\assemblylab1\Debug\link.23168.read.1.tlog
C:\Users\stokesa\documents\visual studio 2012\Projects\assemblylab1\assemblylab1\Debug\link.23168.write.1.tlog
C:\Users\stokesa\documents\visual studio 2012\Projects\assemblylab1\assemblylab1\Debug\link.8604-cvtres.read.1.tlog
C:\Users\stokesa\documents\visual studio 2012\Projects\assemblylab1\assemblylab1\Debug\link.8604-cvtres.write.1.tlog
C:\Users\stokesa\documents\visual studio 2012\Projects\assemblylab1\assemblylab1\Debug\link.8604-rc.read.1.tlog
C:\Users\stokesa\documents\visual studio 2012\Projects\assemblylab1\assemblylab1\Debug\link.8604-rc.write.1.tlog
C:\Users\stokesa\documents\visual studio 2012\Projects\assemblylab1\assemblylab1\Debug\link.8604.read.1.tlog
C:\Users\stokesa\documents\visual studio 2012\Projects\assemblylab1\assemblylab1\Debug\link.8604.write.1.tlog
C:\Users\stokesa\documents\visual studio 2012\Projects\assemblylab1\assemblylab1\Debug\link.command.1.tlog
C:\Users\stokesa\documents\visual studio 2012\Projects\assemblylab1\assemblylab1\Debug\link.read.1.tlog
C:\Users\stokesa\documents\visual studio 2012\Projects\assemblylab1\assemblylab1\Debug\link.write.1.tlog
C:\Users\stokesa\documents\visual studio 2012\Projects\assemblylab1\Debug\assemblylab1.pdb
